<?xml version="1.0" encoding="UTF-8"?>
<!-- Generated by org.testng.reporters.JUnitReportReporter -->
<testsuite hostname="DESKTOP-HH5MLTM" failures="0" tests="1" name="com.cogmento.ui.test.LogoutTest" time="0.000" errors="0" timestamp="2025-07-10T09:28:09 IST" skipped="1">
  <testcase classname="com.cogmento.ui.test.LogoutTest" name="logoutFunctionality" time="0.000">
    <skipped/>
  </testcase> <!-- logoutFunctionality -->
  <system-out/>
</testsuite> <!-- com.cogmento.ui.test.LogoutTest -->
