<?xml version="1.0" encoding="UTF-8"?>
<!-- Generated by org.testng.reporters.JUnitReportReporter -->
<testsuite hostname="DESKTOP-HH5MLTM" failures="0" tests="1" name="com.cogmento.ui.test.LogoutTest" time="1.514" errors="0" timestamp="2025-07-15T01:24:47 IST" skipped="0">
  <testcase classname="com.cogmento.ui.test.LogoutTest" name="logoutFunctionality" time="1.514"/>
  <system-out/>
</testsuite> <!-- com.cogmento.ui.test.LogoutTest -->
