<?xml version="1.0" encoding="UTF-8"?>
<!-- Generated by org.testng.reporters.JUnitReportReporter -->
<testsuite hostname="DESKTOP-HH5MLTM" failures="0" tests="2" name="com.cogmento.ui.test.LoginPageTest" time="1.190" errors="0" timestamp="2025-07-10T09:01:15 IST" skipped="0">
  <testcase classname="com.cogmento.ui.test.LoginPageTest" name="loginFunctionality" time="1.035"/>
  <system-out/>
  <testcase classname="com.cogmento.ui.test.LoginPageTest" name="clickOnLoginBtn" time="0.155"/>
  <system-out/>
</testsuite> <!-- com.cogmento.ui.test.LoginPageTest -->
